<?xml version="1.0" encoding="UTF-8"?>
<!-- Generated by org.testng.reporters.JUnitXMLReporter -->
<testsuite hostname="BDC6-DX-J0R79F2" ignored="0" name="Default test" tests="4" failures="0" timestamp="19 Jul 2019 08:01:38 GMT" time="45.808" errors="0">
  <testcase name="testRegistration" time="6.616" classname="com.casestudy.OnlineShoppingTest"/>
  <testcase name="testLogin" time="15.439" classname="com.casestudy.OnlineShoppingTest"/>
  <testcase name="testCart" time="7.334" classname="com.casestudy.OnlineShoppingTest"/>
  <testcase name="testPayment" time="9.775" classname="com.casestudy.OnlineShoppingTest"/>
</testsuite> <!-- Default test -->
