<?xml version="1.0" encoding="UTF-8"?>
<testng-results skipped="0" failed="0" ignored="0" total="4" passed="4">
  <reporter-output>
  </reporter-output>
  <suite name="Default suite" duration-ms="45808" started-at="2019-07-19T08:00:52Z" finished-at="2019-07-19T08:01:38Z">
    <groups>
    </groups>
    <test name="Default test" duration-ms="45808" started-at="2019-07-19T08:00:52Z" finished-at="2019-07-19T08:01:38Z">
      <class name="com.casestudy.OnlineShoppingTest">
        <test-method status="PASS" signature="startReportbeforeTest()[pri:0, instance:com.casestudy.OnlineShoppingTest@91161c7]" name="startReportbeforeTest" is-config="true" duration-ms="5976" started-at="2019-07-19T08:00:52Z" finished-at="2019-07-19T08:00:58Z">
          <reporter-output>
          </reporter-output>
        </test-method> <!-- startReportbeforeTest -->
        <test-method status="PASS" signature="testRegistration()[pri:1, instance:com.casestudy.OnlineShoppingTest@91161c7]" name="testRegistration" duration-ms="6616" started-at="2019-07-19T08:00:58Z" finished-at="2019-07-19T08:01:05Z">
          <reporter-output>
          </reporter-output>
        </test-method> <!-- testRegistration -->
        <test-method status="PASS" signature="getResultafterMethod(org.testng.ITestResult)[pri:0, instance:com.casestudy.OnlineShoppingTest@91161c7]" name="getResultafterMethod" is-config="true" duration-ms="16" started-at="2019-07-19T08:01:05Z" finished-at="2019-07-19T08:01:05Z">
          <params>
            <param index="0">
              <value>
                <![CDATA[[TestResult name=testRegistration status=SUCCESS method=OnlineShoppingTest.testRegistration()[pri:1, instance:com.casestudy.OnlineShoppingTest@91161c7] output={null}]]]>
              </value>
            </param>
          </params>
          <reporter-output>
          </reporter-output>
        </test-method> <!-- getResultafterMethod -->
        <test-method status="PASS" signature="testLogin()[pri:2, instance:com.casestudy.OnlineShoppingTest@91161c7]" name="testLogin" duration-ms="15439" started-at="2019-07-19T08:01:05Z" finished-at="2019-07-19T08:01:20Z">
          <reporter-output>
          </reporter-output>
        </test-method> <!-- testLogin -->
        <test-method status="PASS" signature="getResultafterMethod(org.testng.ITestResult)[pri:0, instance:com.casestudy.OnlineShoppingTest@91161c7]" name="getResultafterMethod" is-config="true" duration-ms="2" started-at="2019-07-19T08:01:20Z" finished-at="2019-07-19T08:01:20Z">
          <params>
            <param index="0">
              <value>
                <![CDATA[[TestResult name=testLogin status=SUCCESS method=OnlineShoppingTest.testLogin()[pri:2, instance:com.casestudy.OnlineShoppingTest@91161c7] output={null}]]]>
              </value>
            </param>
          </params>
          <reporter-output>
          </reporter-output>
        </test-method> <!-- getResultafterMethod -->
        <test-method status="PASS" signature="testCart()[pri:3, instance:com.casestudy.OnlineShoppingTest@91161c7]" name="testCart" duration-ms="7334" started-at="2019-07-19T08:01:20Z" finished-at="2019-07-19T08:01:28Z">
          <reporter-output>
          </reporter-output>
        </test-method> <!-- testCart -->
        <test-method status="PASS" signature="getResultafterMethod(org.testng.ITestResult)[pri:0, instance:com.casestudy.OnlineShoppingTest@91161c7]" name="getResultafterMethod" is-config="true" duration-ms="1" started-at="2019-07-19T08:01:28Z" finished-at="2019-07-19T08:01:28Z">
          <params>
            <param index="0">
              <value>
                <![CDATA[[TestResult name=testCart status=SUCCESS method=OnlineShoppingTest.testCart()[pri:3, instance:com.casestudy.OnlineShoppingTest@91161c7] output={null}]]]>
              </value>
            </param>
          </params>
          <reporter-output>
          </reporter-output>
        </test-method> <!-- getResultafterMethod -->
        <test-method status="PASS" signature="testPayment()[pri:4, instance:com.casestudy.OnlineShoppingTest@91161c7]" name="testPayment" duration-ms="9775" started-at="2019-07-19T08:01:28Z" finished-at="2019-07-19T08:01:38Z">
          <reporter-output>
          </reporter-output>
        </test-method> <!-- testPayment -->
        <test-method status="PASS" signature="getResultafterMethod(org.testng.ITestResult)[pri:0, instance:com.casestudy.OnlineShoppingTest@91161c7]" name="getResultafterMethod" is-config="true" duration-ms="2" started-at="2019-07-19T08:01:38Z" finished-at="2019-07-19T08:01:38Z">
          <params>
            <param index="0">
              <value>
                <![CDATA[[TestResult name=testPayment status=SUCCESS method=OnlineShoppingTest.testPayment()[pri:4, instance:com.casestudy.OnlineShoppingTest@91161c7] output={null}]]]>
              </value>
            </param>
          </params>
          <reporter-output>
          </reporter-output>
        </test-method> <!-- getResultafterMethod -->
        <test-method status="PASS" signature="endReportafterTest()[pri:0, instance:com.casestudy.OnlineShoppingTest@91161c7]" name="endReportafterTest" is-config="true" duration-ms="591" started-at="2019-07-19T08:01:38Z" finished-at="2019-07-19T08:01:38Z">
          <reporter-output>
          </reporter-output>
        </test-method> <!-- endReportafterTest -->
      </class> <!-- com.casestudy.OnlineShoppingTest -->
    </test> <!-- Default test -->
  </suite> <!-- Default suite -->
</testng-results>
